processed\CoF2__1.cif: Invalid CIF file with no structures!
processed\CoF2__2.cif: Invalid CIF file with no structures!
processed\CoF2__3.cif: Invalid CIF file with no structures!
processed\CoF2__4.cif: Invalid CIF file with no structures!
processed\CoF2__5.cif: Invalid CIF file with no structures!
processed\CoF2__6.cif: Invalid CIF file with no structures!
processed\CoF2__7.cif: Invalid CIF file with no structures!
processed\CoF2__8.cif: Invalid CIF file with no structures!
processed\CoF2__9.cif: Invalid CIF file with no structures!
processed\Dy2Fe14B__1.cif: Invalid CIF file with no structures!
processed\Dy2Fe14B__2.cif: Invalid CIF file with no structures!
processed\Dy2Fe14B__3.cif: Invalid CIF file with no structures!
processed\Dy2Fe14B__4.cif: Invalid CIF file with no structures!
processed\Dy2Fe14B__5.cif: Invalid CIF file with no structures!
processed\Dy2Fe14B__6.cif: Invalid CIF file with no structures!
processed\Dy2Fe14B__7.cif: Invalid CIF file with no structures!
processed\Dy2Fe14B__8.cif: Invalid CIF file with no structures!
processed\Dy2Fe14B__9.cif: Invalid CIF file with no structures!
processed\FeF2__1.cif: Invalid CIF file with no structures!
processed\FeF2__2.cif: Invalid CIF file with no structures!
processed\FeF2__3.cif: Invalid CIF file with no structures!
processed\FeF2__4.cif: Invalid CIF file with no structures!
processed\FeF2__5.cif: Invalid CIF file with no structures!
processed\FeF2__6.cif: Invalid CIF file with no structures!
processed\FeF2__7.cif: Invalid CIF file with no structures!
processed\FeF2__8.cif: Invalid CIF file with no structures!
processed\heusler_Co2FeAl__1.cif: Invalid CIF file with no structures!
processed\heusler_Co2FeAl__6.cif: Invalid CIF file with no structures!
processed\heusler_Co2FeAl__8.cif: Invalid CIF file with no structures!
processed\heusler_Co2FeGa__1.cif: Invalid CIF file with no structures!
processed\heusler_Co2FeGa__3.cif: Invalid CIF file with no structures!
processed\heusler_Co2FeGa__8.cif: Invalid CIF file with no structures!
processed\heusler_Co2FeGa__9.cif: Invalid CIF file with no structures!
processed\heusler_Co2FeSn__1.cif: Invalid CIF file with no structures!
processed\heusler_Co2FeSn__5.cif: Invalid CIF file with no structures!
processed\heusler_Co2TiAl__6.cif: Invalid CIF file with no structures!
processed\heusler_Co2TiGa__6.cif: Invalid CIF file with no structures!
processed\heusler_Co2VAl__4.cif: Invalid CIF file with no structures!
processed\heusler_Fe2CoGa__3.cif: Invalid CIF file with no structures!
processed\heusler_Fe2FeAl__5.cif: Invalid CIF file with no structures!
processed\heusler_Fe2FeAl__7.cif: Invalid CIF file with no structures!
processed\heusler_Fe2FeGa__8.cif: Invalid CIF file with no structures!
processed\heusler_Fe2MnSn__2.cif: Invalid CIF file with no structures!
processed\heusler_Fe2TiAl__6.cif: Invalid CIF file with no structures!
processed\heusler_Mn2MnGe__6.cif: Invalid CIF file with no structures!
processed\heusler_Mn2MnSb__9.cif: Invalid CIF file with no structures!
processed\heusler_Ni2CoAl__6.cif: Invalid CIF file with no structures!
processed\heusler_Ni2CoAl__9.cif: Invalid CIF file with no structures!
processed\heusler_Ni2CoGa__1.cif: Invalid CIF file with no structures!
processed\heusler_Ni2CoGa__2.cif: Invalid CIF file with no structures!
processed\heusler_Ni2CoGa__3.cif: Invalid CIF file with no structures!
processed\heusler_Ni2CoGa__4.cif: Invalid CIF file with no structures!
processed\heusler_Ni2CoGa__5.cif: Invalid CIF file with no structures!
processed\heusler_Ni2CoGa__8.cif: Invalid CIF file with no structures!
processed\heusler_Ni2CoGa__9.cif: Invalid CIF file with no structures!
processed\heusler_Ni2CoSi__9.cif: Invalid CIF file with no structures!
processed\heusler_Ni2CoSn__3.cif: Invalid CIF file with no structures!
processed\heusler_Ni2FeAl__1.cif: Invalid CIF file with no structures!
processed\heusler_Ni2FeAl__8.cif: Invalid CIF file with no structures!
processed\heusler_Ni2FeGa__2.cif: Invalid CIF file with no structures!
processed\heusler_Ni2FeGa__4.cif: Invalid CIF file with no structures!
processed\heusler_Ni2FeGa__6.cif: Invalid CIF file with no structures!
processed\heusler_Ni2FeSi__7.cif: Invalid CIF file with no structures!
processed\heusler_Ni2FeSi__8.cif: Invalid CIF file with no structures!
processed\heusler_Ni2MnAl__3.cif: Invalid CIF file with no structures!
processed\heusler_Ni2MnGa__6.cif: Invalid CIF file with no structures!
processed\heusler_Ni2MnGe__3.cif: Invalid CIF file with no structures!
processed\heusler_Ni2MnSi__5.cif: Invalid CIF file with no structures!
processed\heusler_Ni2NiSi__3.cif: Invalid CIF file with no structures!
processed\heusler_Ni2NiSi__4.cif: Invalid CIF file with no structures!
processed\heusler_Ni2NiSi__7.cif: Invalid CIF file with no structures!
processed\heusler_Ni2NiSi__9.cif: Invalid CIF file with no structures!
processed\heusler_Ni2TiSi__5.cif: Invalid CIF file with no structures!
processed\heusler_Ni2TiSi__6.cif: Invalid CIF file with no structures!
processed\heusler_Ni2TiSi__9.cif: Invalid CIF file with no structures!
processed\heusler_Ni2VAl__9.cif: Invalid CIF file with no structures!
processed\heusler_Ni2VGa__3.cif: Invalid CIF file with no structures!
processed\heusler_Ni2VSi__5.cif: Invalid CIF file with no structures!
processed\heusler_Ni2VSi__7.cif: Invalid CIF file with no structures!
processed\heusler_Ni2VSi__8.cif: Invalid CIF file with no structures!
processed\heusler_Ni2VSi__9.cif: Invalid CIF file with no structures!
processed\MnF2__1.cif: Invalid CIF file with no structures!
processed\MnF2__2.cif: Invalid CIF file with no structures!
processed\MnF2__3.cif: Invalid CIF file with no structures!
processed\MnF2__4.cif: Invalid CIF file with no structures!
processed\MnF2__5.cif: Invalid CIF file with no structures!
processed\MnF2__6.cif: Invalid CIF file with no structures!
processed\MnF2__7.cif: Invalid CIF file with no structures!
processed\MnF2__8.cif: Invalid CIF file with no structures!
processed\MnF2__9.cif: Invalid CIF file with no structures!
processed\Nd2Fe14B__1.cif: Invalid CIF file with no structures!
processed\Nd2Fe14B__3.cif: Invalid CIF file with no structures!
processed\Nd2Fe14B__4.cif: Invalid CIF file with no structures!
processed\Nd2Fe14B__5.cif: Invalid CIF file with no structures!
processed\Nd2Fe14B__6.cif: Invalid CIF file with no structures!
processed\Nd2Fe14B__7.cif: Invalid CIF file with no structures!
processed\Nd2Fe14B__9.cif: Invalid CIF file with no structures!
processed\NiF2__1.cif: Invalid CIF file with no structures!
processed\NiF2__2.cif: Invalid CIF file with no structures!
processed\NiF2__3.cif: Invalid CIF file with no structures!
processed\NiF2__4.cif: Invalid CIF file with no structures!
processed\NiF2__5.cif: Invalid CIF file with no structures!
processed\NiF2__6.cif: Invalid CIF file with no structures!
processed\NiF2__7.cif: Invalid CIF file with no structures!
processed\NiF2__8.cif: Invalid CIF file with no structures!
processed\NiF2__9.cif: Invalid CIF file with no structures!
processed\NiO__6.cif: Invalid CIF file with no structures!
processed\perov_BaNiO3__9.cif: Invalid CIF file with no structures!
processed\perov_CaFeO3__3.cif: Invalid CIF file with no structures!
processed\perov_SmCoO3__3.cif: Invalid CIF file with no structures!
processed\perov_SmNiO3__9.cif: Invalid CIF file with no structures!
processed\perov_SrMnO3__1.cif: Invalid CIF file with no structures!
processed\perov_SrMnO3__4.cif: Invalid CIF file with no structures!
processed\Pr2Fe14B__1.cif: Invalid CIF file with no structures!
processed\Pr2Fe14B__2.cif: Invalid CIF file with no structures!
processed\Pr2Fe14B__3.cif: Invalid CIF file with no structures!
processed\Pr2Fe14B__4.cif: Invalid CIF file with no structures!
processed\Pr2Fe14B__6.cif: Invalid CIF file with no structures!
processed\Pr2Fe14B__7.cif: Invalid CIF file with no structures!
processed\Pr2Fe14B__9.cif: Invalid CIF file with no structures!
processed\Sm2Fe14B__1.cif: Invalid CIF file with no structures!
processed\Sm2Fe14B__2.cif: Invalid CIF file with no structures!
processed\Sm2Fe14B__3.cif: Invalid CIF file with no structures!
processed\Sm2Fe14B__4.cif: Invalid CIF file with no structures!
processed\Sm2Fe14B__5.cif: Invalid CIF file with no structures!
processed\Sm2Fe14B__6.cif: Invalid CIF file with no structures!
processed\Sm2Fe14B__7.cif: Invalid CIF file with no structures!
processed\Sm2Fe14B__8.cif: Invalid CIF file with no structures!
processed\Sm2Fe14B__9.cif: Invalid CIF file with no structures!
processed\spinel_CoAl2O4__3.cif: Invalid CIF file with no structures!
processed\spinel_CoAl2O4__8.cif: Invalid CIF file with no structures!
processed\spinel_CoCr2O4__7.cif: Invalid CIF file with no structures!
processed\spinel_CoFe2O4__1.cif: Invalid CIF file with no structures!
processed\spinel_CoFe2O4__5.cif: Invalid CIF file with no structures!
processed\spinel_CoFe2O4__7.cif: Invalid CIF file with no structures!
processed\spinel_FeAl2O4__8.cif: Invalid CIF file with no structures!
processed\spinel_FeAl2O4__9.cif: Invalid CIF file with no structures!
processed\spinel_FeMn2O4__4.cif: Invalid CIF file with no structures!
processed\spinel_FeMn2O4__9.cif: Invalid CIF file with no structures!
processed\spinel_NiCr2O4__3.cif: Invalid CIF file with no structures!
processed\spinel_NiCr2O4__9.cif: Invalid CIF file with no structures!
processed\spinel_NiFe2O4__7.cif: Invalid CIF file with no structures!
processed\spinel_NiMn2O4__8.cif: Invalid CIF file with no structures!
processed\Tb2Fe14B__1.cif: Invalid CIF file with no structures!
processed\Tb2Fe14B__2.cif: Invalid CIF file with no structures!
processed\Tb2Fe14B__3.cif: Invalid CIF file with no structures!
processed\Tb2Fe14B__4.cif: Invalid CIF file with no structures!
processed\Tb2Fe14B__5.cif: Invalid CIF file with no structures!
processed\Tb2Fe14B__6.cif: Invalid CIF file with no structures!
processed\Tb2Fe14B__7.cif: Invalid CIF file with no structures!
processed\Tb2Fe14B__8.cif: Invalid CIF file with no structures!